Got 3 arguments.
Available memory: 0x17a70 -> 0x200000.
Argument count is 3.
Argument 0 is -u.
Argument 1 is userprog3.dlx.obj.
Argument 2 is 2.
timer = 100
Setting number = 2
11111111111111111111111111111111111111111111111111timer = 100
timer = 100
Current no. of Quanta elapsed : 1 
In queue[12]: 89004 --> 88804 --> 
In queue[12]: 89004 --> 88804 --> 
 Current PCB is 89004  New PCB is 88804 Current no. of Quanta elapsed : 2 
In queue[12]: 88804 --> 89004 --> 
In queue[12]: 88804 --> 89004 --> 
 Current PCB is 88804  New PCB is 89004 Current no. of Quanta elapsed : 3 
In queue[12]: 89004 --> 88804 --> 88604 --> 
In queue[12]: 89004 --> 88804 --> 88604 --> 
 Current PCB is 89004  New PCB is 88804 A0
Current no. of Quanta elapsed : 4 
In queue[12]: 88804 --> 88604 --> 89004 --> 
In queue[12]: 88804 --> 88604 --> 89004 --> 
 Current PCB is 88804  New PCB is 88604 Current no. of Quanta elapsed : 5 
In queue[12]: 88604 --> 89004 --> 88804 --> 
In queue[12]: 88604 --> 89004 --> 88804 --> 
 Current PCB is 88604  New PCB is 89004 timer = 600
Current no. of Quanta elapsed : 6 
In queue[12]: 88804 --> 88604 --> 
In queue[12]: 88804 --> 88604 --> 
 Current PCB is 89004  New PCB is 88804 Current no. of Quanta elapsed : 7 
In queue[12]: 88804 --> 88604 --> 
In queue[12]: 88804 --> 88604 --> 
 Current PCB is 88804  New PCB is 88604 B0
Current no. of Quanta elapsed : 8 
In queue[12]: 88604 --> 88804 --> 
In queue[12]: 88604 --> 88804 --> 
 Current PCB is 88604  New PCB is 88804 A1
Current no. of Quanta elapsed : 9 
In queue[12]: 88804 --> 88604 --> 
In queue[12]: 88804 --> 88604 --> 
 Current PCB is 88804  New PCB is 88604 Current no. of Quanta elapsed : 10 
In queue[12]: 88604 --> 88804 --> 
In queue[12]: 88604 --> 88804 --> 
Before decayIn queue[12]: 88604 --> 88804 --> 
-------
After decayIn queue[12]: 88604 --> 88804 --> 
-------
 Current PCB is 88604  New PCB is 88804 A2
Current no. of Quanta elapsed : 11 
In queue[12]: 88804 --> 88604 --> 
In queue[12]: 88804 --> 88604 --> 
 Current PCB is 88804  New PCB is 88604 B1
Current no. of Quanta elapsed : 12 
In queue[12]: 88604 --> 88804 --> 
In queue[12]: 88804 --> 88604 --> 
 Current PCB is 88604  New PCB is 88804 Current no. of Quanta elapsed : 13 
In queue[12]: 88804 --> 88604 --> 
In queue[12]: 88804 --> 88604 --> 
 Current PCB is 88804  New PCB is 88604 B2
Current no. of Quanta elapsed : 14 
In queue[12]: 88604 --> 88804 --> 
In queue[12]: 88604 --> 88804 --> 
 Current PCB is 88604  New PCB is 88804 A3
Current no. of Quanta elapsed : 15 
In queue[12]: 88804 --> 88604 --> 
In queue[12]: 88804 --> 88604 --> 
 Current PCB is 88804  New PCB is 88604 Current no. of Quanta elapsed : 16 
In queue[12]: 88604 --> 88804 --> 
In queue[12]: 88604 --> 88804 --> 
 Current PCB is 88604  New PCB is 88804 A4
Current no. of Quanta elapsed : 17 
In queue[12]: 88804 --> 88604 --> 
In queue[12]: 88804 --> 88604 --> 
 Current PCB is 88804  New PCB is 88604 B3
Current no. of Quanta elapsed : 18 
In queue[12]: 88604 --> 88804 --> 
In queue[12]: 88604 --> 88804 --> 
 Current PCB is 88604  New PCB is 88804 Current no. of Quanta elapsed : 19 
In queue[12]: 88804 --> 88604 --> 
In queue[12]: 88604 --> 88804 --> 
 Current PCB is 88804  New PCB is 88604 B4
Current no. of Quanta elapsed : 20 
In queue[12]: 88604 --> 88804 --> 
In queue[12]: 88804 --> 88604 --> 
Before decayIn queue[12]: 88804 --> 88604 --> 
-------
After decayIn queue[12]: 88804 --> 88604 --> 
-------
 Current PCB is 88604  New PCB is 88804 A5
Current no. of Quanta elapsed : 21 
In queue[12]: 88804 --> 88604 --> 
In queue[12]: 88804 --> 88604 --> 
 Current PCB is 88804  New PCB is 88604 Current no. of Quanta elapsed : 22 
In queue[12]: 88604 --> 88804 --> 
In queue[12]: 88604 --> 88804 --> 
 Current PCB is 88604  New PCB is 88804 A6
Current no. of Quanta elapsed : 23 
In queue[12]: 88804 --> 88604 --> 
In queue[12]: 88804 --> 88604 --> 
 Current PCB is 88804  New PCB is 88604 B5
Current no. of Quanta elapsed : 24 
In queue[12]: 88604 --> 88804 --> 
In queue[12]: 88804 --> 88604 --> 
 Current PCB is 88604  New PCB is 88804 Current no. of Quanta elapsed : 25 
In queue[12]: 88804 --> 88604 --> 
In queue[12]: 88604 --> 88804 --> 
 Current PCB is 88804  New PCB is 88604 B6
Current no. of Quanta elapsed : 26 
In queue[12]: 88604 --> 88804 --> 
In queue[12]: 88604 --> 88804 --> 
 Current PCB is 88604  New PCB is 88804 A7
Current no. of Quanta elapsed : 27 
In queue[12]: 88804 --> 88604 --> 
In queue[12]: 88804 --> 88604 --> 
 Current PCB is 88804  New PCB is 88604 Current no. of Quanta elapsed : 28 
In queue[12]: 88604 --> 88804 --> 
In queue[12]: 88604 --> 88804 --> 
 Current PCB is 88604  New PCB is 88804 A8
Current no. of Quanta elapsed : 29 
In queue[12]: 88804 --> 88604 --> 
In queue[12]: 88804 --> 88604 --> 
 Current PCB is 88804  New PCB is 88604 B7
Current no. of Quanta elapsed : 30 
In queue[12]: 88604 --> 88804 --> 
In queue[12]: 88604 --> 88804 --> 
Before decayIn queue[12]: 88604 --> 88804 --> 
-------
After decayIn queue[12]: 88604 --> 88804 --> 
-------
 Current PCB is 88604  New PCB is 88804 Current no. of Quanta elapsed : 31 
In queue[12]: 88804 --> 88604 --> 
In queue[12]: 88804 --> 88604 --> 
 Current PCB is 88804  New PCB is 88604 B8
Current no. of Quanta elapsed : 32 
In queue[12]: 88604 --> 88804 --> 
In queue[12]: 88604 --> 88804 --> 
 Current PCB is 88604  New PCB is 88804 A9
Current no. of Quanta elapsed : 33 
In queue[12]: 88804 --> 88604 --> 
In queue[12]: 88604 --> 88804 --> 
 Current PCB is 88804  New PCB is 88604 Current no. of Quanta elapsed : 34 
In queue[12]: 88604 --> 88804 --> 
In queue[12]: 88604 --> 88804 --> 
 Current PCB is 88604  New PCB is 88804 A10
Current no. of Quanta elapsed : 35 
In queue[12]: 88804 --> 88604 --> 
In queue[12]: 88804 --> 88604 --> 
 Current PCB is 88804  New PCB is 88604 B9
Current no. of Quanta elapsed : 36 
In queue[12]: 88604 --> 88804 --> 
In queue[12]: 88604 --> 88804 --> 
 Current PCB is 88604  New PCB is 88804 Current no. of Quanta elapsed : 37 
In queue[12]: 88804 --> 88604 --> 
In queue[12]: 88804 --> 88604 --> 
 Current PCB is 88804  New PCB is 88604 B10
Current no. of Quanta elapsed : 38 
In queue[12]: 88604 --> 88804 --> 
In queue[12]: 88804 --> 88604 --> 
 Current PCB is 88604  New PCB is 88804 A11
Current no. of Quanta elapsed : 39 
In queue[12]: 88804 --> 88604 --> 
In queue[12]: 88804 --> 88604 --> 
 Current PCB is 88804  New PCB is 88604 Current no. of Quanta elapsed : 40 
In queue[12]: 88604 --> 88804 --> 
In queue[12]: 88604 --> 88804 --> 
Before decayIn queue[12]: 88604 --> 88804 --> 
-------
After decayIn queue[12]: 88604 --> 88804 --> 
-------
 Current PCB is 88604  New PCB is 88804 A12
Current no. of Quanta elapsed : 41 
In queue[12]: 88804 --> 88604 --> 
In queue[12]: 88604 --> 88804 --> 
 Current PCB is 88804  New PCB is 88604 B11
Current no. of Quanta elapsed : 42 
In queue[12]: 88604 --> 88804 --> 
In queue[12]: 88604 --> 88804 --> 
 Current PCB is 88604  New PCB is 88804 Current no. of Quanta elapsed : 43 
In queue[12]: 88804 --> 88604 --> 
In queue[12]: 88804 --> 88604 --> 
 Current PCB is 88804  New PCB is 88604 B12
Current no. of Quanta elapsed : 44 
In queue[12]: 88604 --> 88804 --> 
In queue[12]: 88604 --> 88804 --> 
 Current PCB is 88604  New PCB is 88804 A13
Current no. of Quanta elapsed : 45 
In queue[12]: 88804 --> 88604 --> 
In queue[12]: 88804 --> 88604 --> 
 Current PCB is 88804  New PCB is 88604 Current no. of Quanta elapsed : 46 
In queue[12]: 88604 --> 88804 --> 
In queue[12]: 88804 --> 88604 --> 
 Current PCB is 88604  New PCB is 88804 A14
Current no. of Quanta elapsed : 47 
In queue[12]: 88804 --> 88604 --> 
In queue[12]: 88804 --> 88604 --> 
 Current PCB is 88804  New PCB is 88604 B13
Current no. of Quanta elapsed : 48 
In queue[12]: 88604 --> 88804 --> 
In queue[12]: 88604 --> 88804 --> 
 Current PCB is 88604  New PCB is 88804 Current no. of Quanta elapsed : 49 
In queue[12]: 88804 --> 88604 --> 
In queue[12]: 88604 --> 88804 --> 
 Current PCB is 88804  New PCB is 88604 B14
Current no. of Quanta elapsed : 50 
In queue[12]: 88604 --> 88804 --> 
In queue[12]: 88604 --> 88804 --> 
Before decayIn queue[12]: 88604 --> 88804 --> 
-------
After decayIn queue[12]: 88604 --> 88804 --> 
-------
 Current PCB is 88604  New PCB is 88804 A15
Current no. of Quanta elapsed : 51 
In queue[12]: 88804 --> 88604 --> 
In queue[12]: 88804 --> 88604 --> 
 Current PCB is 88804  New PCB is 88604 Current no. of Quanta elapsed : 52 
In queue[12]: 88604 --> 88804 --> 
In queue[12]: 88604 --> 88804 --> 
 Current PCB is 88604  New PCB is 88804 A16
Current no. of Quanta elapsed : 53 
In queue[12]: 88804 --> 88604 --> 
In queue[12]: 88804 --> 88604 --> 
 Current PCB is 88804  New PCB is 88604 B15
Current no. of Quanta elapsed : 54 
In queue[12]: 88604 --> 88804 --> 
In queue[12]: 88804 --> 88604 --> 
 Current PCB is 88604  New PCB is 88804 Current no. of Quanta elapsed : 55 
In queue[12]: 88804 --> 88604 --> 
In queue[12]: 88804 --> 88604 --> 
 Current PCB is 88804  New PCB is 88604 B16
Current no. of Quanta elapsed : 56 
In queue[12]: 88604 --> 88804 --> 
In queue[12]: 88604 --> 88804 --> 
 Current PCB is 88604  New PCB is 88804 A17
Current no. of Quanta elapsed : 57 
In queue[12]: 88804 --> 88604 --> 
In queue[12]: 88604 --> 88804 --> 
 Current PCB is 88804  New PCB is 88604 Current no. of Quanta elapsed : 58 
In queue[12]: 88604 --> 88804 --> 
In queue[12]: 88604 --> 88804 --> 
 Current PCB is 88604  New PCB is 88804 A18
Current no. of Quanta elapsed : 59 
In queue[12]: 88804 --> 88604 --> 
In queue[12]: 88804 --> 88604 --> 
 Current PCB is 88804  New PCB is 88604 B17
Current no. of Quanta elapsed : 60 
In queue[12]: 88604 --> 88804 --> 
In queue[12]: 88604 --> 88804 --> 
Before decayIn queue[12]: 88604 --> 88804 --> 
-------
After decayIn queue[12]: 88604 --> 88804 --> 
-------
 Current PCB is 88604  New PCB is 88804 Current no. of Quanta elapsed : 61 
In queue[12]: 88804 --> 88604 --> 
In queue[12]: 88804 --> 88604 --> 
 Current PCB is 88804  New PCB is 88604 B18
Current no. of Quanta elapsed : 62 
In queue[12]: 88604 --> 88804 --> 
In queue[12]: 88804 --> 88604 --> 
 Current PCB is 88604  New PCB is 88804 A19
Current no. of Quanta elapsed : 63 
In queue[12]: 88804 --> 88604 --> 
In queue[12]: 88804 --> 88604 --> 
 Current PCB is 88804  New PCB is 88604 Current no. of Quanta elapsed : 64 
In queue[12]: 88604 --> 88804 --> 
In queue[12]: 88604 --> 88804 --> 
 Current PCB is 88604  New PCB is 88804 A20
Current no. of Quanta elapsed : 65 
In queue[12]: 88804 --> 88604 --> 
In queue[12]: 88804 --> 88604 --> 
 Current PCB is 88804  New PCB is 88604 B19
Current no. of Quanta elapsed : 66 
In queue[12]: 88604 --> 88804 --> 
In queue[12]: 88604 --> 88804 --> 
 Current PCB is 88604  New PCB is 88804 Current no. of Quanta elapsed : 67 
In queue[12]: 88804 --> 88604 --> 
In queue[12]: 88604 --> 88804 --> 
 Current PCB is 88804  New PCB is 88604 B20
Current no. of Quanta elapsed : 68 
In queue[12]: 88604 --> 88804 --> 
In queue[12]: 88604 --> 88804 --> 
 Current PCB is 88604  New PCB is 88804 A21
Current no. of Quanta elapsed : 69 
In queue[12]: 88804 --> 88604 --> 
In queue[12]: 88804 --> 88604 --> 
 Current PCB is 88804  New PCB is 88604 Current no. of Quanta elapsed : 70 
In queue[12]: 88604 --> 88804 --> 
In queue[12]: 88804 --> 88604 --> 
Before decayIn queue[12]: 88804 --> 88604 --> 
-------
After decayIn queue[12]: 88804 --> 88604 --> 
-------
 Current PCB is 88604  New PCB is 88804 A22
Current no. of Quanta elapsed : 71 
In queue[12]: 88804 --> 88604 --> 
In queue[12]: 88804 --> 88604 --> 
 Current PCB is 88804  New PCB is 88604 B21
Current no. of Quanta elapsed : 72 
In queue[12]: 88604 --> 88804 --> 
In queue[12]: 88804 --> 88604 --> 
 Current PCB is 88604  New PCB is 88804 Current no. of Quanta elapsed : 73 
In queue[12]: 88804 --> 88604 --> 
In queue[12]: 88804 --> 88604 --> 
 Current PCB is 88804  New PCB is 88604 B22
Current no. of Quanta elapsed : 74 
In queue[12]: 88604 --> 88804 --> 
In queue[12]: 88604 --> 88804 --> 
 Current PCB is 88604  New PCB is 88804 A23
Current no. of Quanta elapsed : 75 
In queue[12]: 88804 --> 88604 --> 
In queue[12]: 88804 --> 88604 --> 
 Current PCB is 88804  New PCB is 88604 Current no. of Quanta elapsed : 76 
In queue[12]: 88604 --> 88804 --> 
In queue[12]: 88604 --> 88804 --> 
 Current PCB is 88604  New PCB is 88804 Current no. of Quanta elapsed : 77 
In queue[12]: 88804 --> 88604 --> 
In queue[12]: 88604 --> 88804 --> 
 Current PCB is 88804  New PCB is 88604 B23
Current no. of Quanta elapsed : 78 
In queue[12]: 88604 --> 88804 --> 
In queue[12]: 88604 --> 88804 --> 
 Current PCB is 88604  New PCB is 88804 A24
Current no. of Quanta elapsed : 79 
In queue[12]: 88804 --> 88604 --> 
In queue[12]: 88804 --> 88604 --> 
 Current PCB is 88804  New PCB is 88604 Current no. of Quanta elapsed : 80 
In queue[12]: 88604 --> 88804 --> 
In queue[12]: 88804 --> 88604 --> 
Before decayIn queue[12]: 88804 --> 88604 --> 
-------
After decayIn queue[12]: 88804 --> 88604 --> 
-------
 Current PCB is 88604  New PCB is 88804 A25
Current no. of Quanta elapsed : 81 
In queue[12]: 88804 --> 88604 --> 
In queue[12]: 88804 --> 88604 --> 
 Current PCB is 88804  New PCB is 88604 B24
Current no. of Quanta elapsed : 82 
In queue[12]: 88604 --> 88804 --> 
In queue[12]: 88804 --> 88604 --> 
 Current PCB is 88604  New PCB is 88804 Current no. of Quanta elapsed : 83 
In queue[12]: 88804 --> 88604 --> 
In queue[12]: 88804 --> 88604 --> 
 Current PCB is 88804  New PCB is 88604 B25
Current no. of Quanta elapsed : 84 
In queue[12]: 88604 --> 88804 --> 
In queue[12]: 88604 --> 88804 --> 
 Current PCB is 88604  New PCB is 88804 A26
Current no. of Quanta elapsed : 85 
In queue[12]: 88804 --> 88604 --> 
In queue[12]: 88804 --> 88604 --> 
 Current PCB is 88804  New PCB is 88604 Current no. of Quanta elapsed : 86 
In queue[12]: 88604 --> 88804 --> 
In queue[12]: 88604 --> 88804 --> 
 Current PCB is 88604  New PCB is 88804 A27
Current no. of Quanta elapsed : 87 
In queue[12]: 88804 --> 88604 --> 
In queue[12]: 88604 --> 88804 --> 
 Current PCB is 88804  New PCB is 88604 B26
Current no. of Quanta elapsed : 88 
In queue[12]: 88604 --> 88804 --> 
In queue[12]: 88604 --> 88804 --> 
 Current PCB is 88604  New PCB is 88804 Current no. of Quanta elapsed : 89 
In queue[12]: 88804 --> 88604 --> 
In queue[12]: 88804 --> 88604 --> 
 Current PCB is 88804  New PCB is 88604 B27
Current no. of Quanta elapsed : 90 
In queue[12]: 88604 --> 88804 --> 
In queue[12]: 88804 --> 88604 --> 
Before decayIn queue[12]: 88804 --> 88604 --> 
-------
After decayIn queue[12]: 88804 --> 88604 --> 
-------
 Current PCB is 88604  New PCB is 88804 A28
Current no. of Quanta elapsed : 91 
In queue[12]: 88804 --> 88604 --> 
In queue[12]: 88804 --> 88604 --> 
 Current PCB is 88804  New PCB is 88604 Current no. of Quanta elapsed : 92 
In queue[12]: 88604 --> 88804 --> 
In queue[12]: 88804 --> 88604 --> 
 Current PCB is 88604  New PCB is 88804 A29
Current no. of Quanta elapsed : 93 
In queue[12]: 88804 --> 88604 --> 
In queue[12]: 88804 --> 88604 --> 
 Current PCB is 88804  New PCB is 88604 B28
Current no. of Quanta elapsed : 94 
In queue[12]: 88604 --> 88804 --> 
In queue[12]: 88604 --> 88804 --> 
 Current PCB is 88604  New PCB is 88804 Current no. of Quanta elapsed : 95 
In queue[12]: 88804 --> 88604 --> 
In queue[12]: 88804 --> 88604 --> 
 Current PCB is 88804  New PCB is 88604 B29
Current no. of Quanta elapsed : 96 
In queue[12]: 88804 --> 
In queue[12]: 88804 --> 
 Current PCB is 88604  New PCB is 88804 A0
Current no. of Quanta elapsed : 97 
In queue[13]: 88604 --> 
In queue[13]: 88604 --> 
 Current PCB is 88804  New PCB is 88604 Current no. of Quanta elapsed : 98 
In queue[13]: 88604 --> 
In queue[13]: 88604 --> 
 Current PCB is 88604  New PCB is 88604 B0
Current no. of Quanta elapsed : 99 
In queue[13]: 88804 --> 
In queue[13]: 88804 --> 
 Current PCB is 88604  New PCB is 88804 Current no. of Quanta elapsed : 100 
In queue[13]: 88804 --> 
In queue[13]: 88804 --> 
Before decayIn queue[13]: 88804 --> 
-------
After decayIn queue[13]: 88804 --> 
-------
 Current PCB is 88804  New PCB is 88804 A1
Current no. of Quanta elapsed : 101 
In queue[13]: 88604 --> 
In queue[13]: 88604 --> 
 Current PCB is 88804  New PCB is 88604 Current no. of Quanta elapsed : 102 
In queue[13]: 88604 --> 
In queue[13]: 88604 --> 
 Current PCB is 88604  New PCB is 88604 B1
Current no. of Quanta elapsed : 103 
In queue[13]: 88804 --> 
In queue[13]: 88804 --> 
 Current PCB is 88604  New PCB is 88804 Current no. of Quanta elapsed : 104 
In queue[13]: 88804 --> 
In queue[13]: 88804 --> 
 Current PCB is 88804  New PCB is 88804 A2
Current no. of Quanta elapsed : 105 
In queue[14]: 88604 --> 
In queue[14]: 88604 --> 
 Current PCB is 88804  New PCB is 88604 Current no. of Quanta elapsed : 106 
In queue[14]: 88604 --> 
In queue[14]: 88604 --> 
 Current PCB is 88604  New PCB is 88604 B2
Current no. of Quanta elapsed : 107 
In queue[13]: 88804 --> 
In queue[13]: 88804 --> 
 Current PCB is 88604  New PCB is 88804 Current no. of Quanta elapsed : 108 
In queue[13]: 88804 --> 
In queue[13]: 88804 --> 
 Current PCB is 88804  New PCB is 88804 A3
Current no. of Quanta elapsed : 109 
In queue[14]: 88604 --> 
In queue[14]: 88604 --> 
 Current PCB is 88804  New PCB is 88604 Current no. of Quanta elapsed : 110 
In queue[14]: 88604 --> 
In queue[14]: 88604 --> 
Before decayIn queue[14]: 88604 --> 
-------
After decayIn queue[14]: 88604 --> 
-------
 Current PCB is 88604  New PCB is 88604 B3
Current no. of Quanta elapsed : 111 
In queue[13]: 88804 --> 
In queue[13]: 88804 --> 
 Current PCB is 88604  New PCB is 88804 Current no. of Quanta elapsed : 112 
In queue[13]: 88804 --> 
In queue[13]: 88804 --> 
 Current PCB is 88804  New PCB is 88804 A4
Current no. of Quanta elapsed : 113 
In queue[13]: 88604 --> 
In queue[13]: 88604 --> 
 Current PCB is 88804  New PCB is 88604 Current no. of Quanta elapsed : 114 
In queue[13]: 88604 --> 
In queue[13]: 88604 --> 
 Current PCB is 88604  New PCB is 88604 B4
Current no. of Quanta elapsed : 115 
In queue[13]: 88804 --> 
In queue[13]: 88804 --> 
 Current PCB is 88604  New PCB is 88804 Current no. of Quanta elapsed : 116 
In queue[13]: 88804 --> 
In queue[13]: 88804 --> 
 Current PCB is 88804  New PCB is 88804 A5
Current no. of Quanta elapsed : 117 
In queue[14]: 88604 --> 
In queue[14]: 88604 --> 
 Current PCB is 88804  New PCB is 88604 Current no. of Quanta elapsed : 118 
In queue[14]: 88604 --> 
In queue[14]: 88604 --> 
 Current PCB is 88604  New PCB is 88604 B5
Current no. of Quanta elapsed : 119 
In queue[13]: 88804 --> 
In queue[13]: 88804 --> 
 Current PCB is 88604  New PCB is 88804 Current no. of Quanta elapsed : 120 
In queue[13]: 88804 --> 
In queue[13]: 88804 --> 
Before decayIn queue[13]: 88804 --> 
-------
After decayIn queue[13]: 88804 --> 
-------
 Current PCB is 88804  New PCB is 88804 A6
Current no. of Quanta elapsed : 121 
In queue[14]: 88604 --> 
In queue[14]: 88604 --> 
 Current PCB is 88804  New PCB is 88604 Current no. of Quanta elapsed : 122 
In queue[14]: 88604 --> 
In queue[14]: 88604 --> 
 Current PCB is 88604  New PCB is 88604 B6
Current no. of Quanta elapsed : 123 
In queue[13]: 88804 --> 
In queue[13]: 88804 --> 
 Current PCB is 88604  New PCB is 88804 Current no. of Quanta elapsed : 124 
In queue[13]: 88804 --> 
In queue[13]: 88804 --> 
 Current PCB is 88804  New PCB is 88804 A7
Current no. of Quanta elapsed : 125 
In queue[14]: 88604 --> 
In queue[14]: 88604 --> 
 Current PCB is 88804  New PCB is 88604 Current no. of Quanta elapsed : 126 
In queue[14]: 88604 --> 
In queue[14]: 88604 --> 
 Current PCB is 88604  New PCB is 88604 B7
Current no. of Quanta elapsed : 127 
In queue[13]: 88804 --> 
In queue[13]: 88804 --> 
 Current PCB is 88604  New PCB is 88804 Current no. of Quanta elapsed : 128 
In queue[13]: 88804 --> 
In queue[13]: 88804 --> 
 Current PCB is 88804  New PCB is 88804 A8
Current no. of Quanta elapsed : 129 
In queue[14]: 88604 --> 
In queue[14]: 88604 --> 
 Current PCB is 88804  New PCB is 88604 Current no. of Quanta elapsed : 130 
In queue[14]: 88604 --> 
In queue[14]: 88604 --> 
Before decayIn queue[14]: 88604 --> 
-------
After decayIn queue[14]: 88604 --> 
-------
 Current PCB is 88604  New PCB is 88604 B8
Current no. of Quanta elapsed : 131 
In queue[13]: 88804 --> 
In queue[13]: 88804 --> 
 Current PCB is 88604  New PCB is 88804 Current no. of Quanta elapsed : 132 
In queue[13]: 88804 --> 
In queue[13]: 88804 --> 
 Current PCB is 88804  New PCB is 88804 A9
Current no. of Quanta elapsed : 133 
In queue[14]: 88604 --> 
In queue[14]: 88604 --> 
 Current PCB is 88804  New PCB is 88604 Current no. of Quanta elapsed : 134 
In queue[14]: 88604 --> 
In queue[14]: 88604 --> 
 Current PCB is 88604  New PCB is 88604 B9
Current no. of Quanta elapsed : 135 
In queue[13]: 88804 --> 
In queue[13]: 88804 --> 
 Current PCB is 88604  New PCB is 88804 Current no. of Quanta elapsed : 136 
In queue[13]: 88804 --> 
In queue[13]: 88804 --> 
 Current PCB is 88804  New PCB is 88804 A10
Current no. of Quanta elapsed : 137 
In queue[14]: 88604 --> 
In queue[14]: 88604 --> 
 Current PCB is 88804  New PCB is 88604 Current no. of Quanta elapsed : 138 
In queue[14]: 88604 --> 
In queue[14]: 88604 --> 
 Current PCB is 88604  New PCB is 88604 B10
Current no. of Quanta elapsed : 139 
In queue[13]: 88804 --> 
In queue[13]: 88804 --> 
 Current PCB is 88604  New PCB is 88804 Current no. of Quanta elapsed : 140 
In queue[13]: 88804 --> 
In queue[13]: 88804 --> 
Before decayIn queue[13]: 88804 --> 
-------
After decayIn queue[13]: 88804 --> 
-------
 Current PCB is 88804  New PCB is 88804 A11
Current no. of Quanta elapsed : 141 
In queue[14]: 88604 --> 
In queue[14]: 88604 --> 
 Current PCB is 88804  New PCB is 88604 Current no. of Quanta elapsed : 142 
In queue[14]: 88604 --> 
In queue[14]: 88604 --> 
 Current PCB is 88604  New PCB is 88604 B11
Current no. of Quanta elapsed : 143 
In queue[13]: 88804 --> 
In queue[13]: 88804 --> 
 Current PCB is 88604  New PCB is 88804 Current no. of Quanta elapsed : 144 
In queue[13]: 88804 --> 
In queue[13]: 88804 --> 
 Current PCB is 88804  New PCB is 88804 A12
Current no. of Quanta elapsed : 145 
In queue[14]: 88604 --> 
In queue[14]: 88604 --> 
 Current PCB is 88804  New PCB is 88604 Current no. of Quanta elapsed : 146 
In queue[14]: 88604 --> 
In queue[14]: 88604 --> 
 Current PCB is 88604  New PCB is 88604 B12
Current no. of Quanta elapsed : 147 
In queue[13]: 88804 --> 
In queue[13]: 88804 --> 
 Current PCB is 88604  New PCB is 88804 Current no. of Quanta elapsed : 148 
In queue[13]: 88804 --> 
In queue[13]: 88804 --> 
 Current PCB is 88804  New PCB is 88804 A13
Current no. of Quanta elapsed : 149 
In queue[14]: 88604 --> 
In queue[14]: 88604 --> 
 Current PCB is 88804  New PCB is 88604 Current no. of Quanta elapsed : 150 
In queue[14]: 88604 --> 
In queue[14]: 88604 --> 
Before decayIn queue[14]: 88604 --> 
-------
After decayIn queue[14]: 88604 --> 
-------
 Current PCB is 88604  New PCB is 88604 B13
Current no. of Quanta elapsed : 151 
In queue[13]: 88804 --> 
In queue[13]: 88804 --> 
 Current PCB is 88604  New PCB is 88804 Current no. of Quanta elapsed : 152 
In queue[13]: 88804 --> 
In queue[13]: 88804 --> 
 Current PCB is 88804  New PCB is 88804 A14
Current no. of Quanta elapsed : 153 
In queue[14]: 88604 --> 
In queue[14]: 88604 --> 
 Current PCB is 88804  New PCB is 88604 Current no. of Quanta elapsed : 154 
In queue[14]: 88604 --> 
In queue[14]: 88604 --> 
 Current PCB is 88604  New PCB is 88604 B14
Current no. of Quanta elapsed : 155 
In queue[13]: 88804 --> 
In queue[13]: 88804 --> 
 Current PCB is 88604  New PCB is 88804 Current no. of Quanta elapsed : 156 
In queue[13]: 88804 --> 
In queue[13]: 88804 --> 
 Current PCB is 88804  New PCB is 88804 A15
Current no. of Quanta elapsed : 157 
In queue[14]: 88604 --> 
In queue[14]: 88604 --> 
 Current PCB is 88804  New PCB is 88604 Current no. of Quanta elapsed : 158 
In queue[14]: 88604 --> 
In queue[14]: 88604 --> 
 Current PCB is 88604  New PCB is 88604 B15
Current no. of Quanta elapsed : 159 
In queue[13]: 88804 --> 
In queue[13]: 88804 --> 
 Current PCB is 88604  New PCB is 88804 Current no. of Quanta elapsed : 160 
In queue[13]: 88804 --> 
In queue[13]: 88804 --> 
Before decayIn queue[13]: 88804 --> 
-------
After decayIn queue[13]: 88804 --> 
-------
 Current PCB is 88804  New PCB is 88804 A16
Current no. of Quanta elapsed : 161 
In queue[14]: 88604 --> 
In queue[14]: 88604 --> 
 Current PCB is 88804  New PCB is 88604 Current no. of Quanta elapsed : 162 
In queue[14]: 88604 --> 
In queue[14]: 88604 --> 
 Current PCB is 88604  New PCB is 88604 B16
Current no. of Quanta elapsed : 163 
In queue[13]: 88804 --> 
In queue[13]: 88804 --> 
 Current PCB is 88604  New PCB is 88804 Current no. of Quanta elapsed : 164 
In queue[13]: 88804 --> 
In queue[13]: 88804 --> 
 Current PCB is 88804  New PCB is 88804 A17
Current no. of Quanta elapsed : 165 
In queue[14]: 88604 --> 
In queue[14]: 88604 --> 
 Current PCB is 88804  New PCB is 88604 Current no. of Quanta elapsed : 166 
In queue[14]: 88604 --> 
In queue[14]: 88604 --> 
 Current PCB is 88604  New PCB is 88604 B17
Current no. of Quanta elapsed : 167 
In queue[13]: 88804 --> 
In queue[13]: 88804 --> 
 Current PCB is 88604  New PCB is 88804 Current no. of Quanta elapsed : 168 
In queue[13]: 88804 --> 
In queue[13]: 88804 --> 
 Current PCB is 88804  New PCB is 88804 A18
Current no. of Quanta elapsed : 169 
In queue[14]: 88604 --> 
In queue[14]: 88604 --> 
 Current PCB is 88804  New PCB is 88604 Current no. of Quanta elapsed : 170 
In queue[14]: 88604 --> 
In queue[14]: 88604 --> 
Before decayIn queue[14]: 88604 --> 
-------
After decayIn queue[14]: 88604 --> 
-------
 Current PCB is 88604  New PCB is 88604 B18
Current no. of Quanta elapsed : 171 
In queue[13]: 88804 --> 
In queue[13]: 88804 --> 
 Current PCB is 88604  New PCB is 88804 Current no. of Quanta elapsed : 172 
In queue[13]: 88804 --> 
In queue[13]: 88804 --> 
 Current PCB is 88804  New PCB is 88804 A19
Current no. of Quanta elapsed : 173 
In queue[14]: 88604 --> 
In queue[14]: 88604 --> 
 Current PCB is 88804  New PCB is 88604 Current no. of Quanta elapsed : 174 
In queue[14]: 88604 --> 
In queue[14]: 88604 --> 
 Current PCB is 88604  New PCB is 88604 B19
Current no. of Quanta elapsed : 175 
In queue[13]: 88804 --> 
In queue[13]: 88804 --> 
 Current PCB is 88604  New PCB is 88804 Current no. of Quanta elapsed : 176 
In queue[13]: 88804 --> 
In queue[13]: 88804 --> 
 Current PCB is 88804  New PCB is 88804 A20
Current no. of Quanta elapsed : 177 
In queue[14]: 88604 --> 
In queue[14]: 88604 --> 
 Current PCB is 88804  New PCB is 88604 Current no. of Quanta elapsed : 178 
In queue[14]: 88604 --> 
In queue[14]: 88604 --> 
 Current PCB is 88604  New PCB is 88604 B20
Current no. of Quanta elapsed : 179 
In queue[14]: 88804 --> 
In queue[14]: 88804 --> 
 Current PCB is 88604  New PCB is 88804 Current no. of Quanta elapsed : 180 
In queue[14]: 88804 --> 
In queue[14]: 88804 --> 
Before decayIn queue[14]: 88804 --> 
-------
After decayIn queue[14]: 88804 --> 
-------
 Current PCB is 88804  New PCB is 88804 A21
Current no. of Quanta elapsed : 181 
In queue[14]: 88604 --> 
In queue[14]: 88604 --> 
 Current PCB is 88804  New PCB is 88604 Current no. of Quanta elapsed : 182 
In queue[14]: 88604 --> 
In queue[14]: 88604 --> 
 Current PCB is 88604  New PCB is 88604 B21
Current no. of Quanta elapsed : 183 
In queue[13]: 88804 --> 
In queue[13]: 88804 --> 
 Current PCB is 88604  New PCB is 88804 Current no. of Quanta elapsed : 184 
In queue[13]: 88804 --> 
In queue[13]: 88804 --> 
 Current PCB is 88804  New PCB is 88804 A22
Current no. of Quanta elapsed : 185 
In queue[14]: 88604 --> 
In queue[14]: 88604 --> 
 Current PCB is 88804  New PCB is 88604 Current no. of Quanta elapsed : 186 
In queue[14]: 88604 --> 
In queue[14]: 88604 --> 
 Current PCB is 88604  New PCB is 88604 B22
Current no. of Quanta elapsed : 187 
In queue[13]: 88804 --> 
In queue[13]: 88804 --> 
 Current PCB is 88604  New PCB is 88804 Current no. of Quanta elapsed : 188 
In queue[13]: 88804 --> 
In queue[13]: 88804 --> 
 Current PCB is 88804  New PCB is 88804 A23
Current no. of Quanta elapsed : 189 
In queue[14]: 88604 --> 
In queue[14]: 88604 --> 
 Current PCB is 88804  New PCB is 88604 Current no. of Quanta elapsed : 190 
In queue[14]: 88604 --> 
In queue[14]: 88604 --> 
Before decayIn queue[14]: 88604 --> 
-------
After decayIn queue[14]: 88604 --> 
-------
 Current PCB is 88604  New PCB is 88604 B23
Current no. of Quanta elapsed : 191 
In queue[13]: 88804 --> 
In queue[13]: 88804 --> 
 Current PCB is 88604  New PCB is 88804 Current no. of Quanta elapsed : 192 
In queue[13]: 88804 --> 
In queue[13]: 88804 --> 
 Current PCB is 88804  New PCB is 88804 A24
Current no. of Quanta elapsed : 193 
In queue[14]: 88604 --> 
In queue[14]: 88604 --> 
 Current PCB is 88804  New PCB is 88604 Current no. of Quanta elapsed : 194 
In queue[14]: 88604 --> 
In queue[14]: 88604 --> 
 Current PCB is 88604  New PCB is 88604 B24
Current no. of Quanta elapsed : 195 
In queue[13]: 88804 --> 
In queue[13]: 88804 --> 
 Current PCB is 88604  New PCB is 88804 Current no. of Quanta elapsed : 196 
In queue[13]: 88804 --> 
In queue[13]: 88804 --> 
 Current PCB is 88804  New PCB is 88804 A25
Current no. of Quanta elapsed : 197 
In queue[14]: 88604 --> 
In queue[14]: 88604 --> 
 Current PCB is 88804  New PCB is 88604 Current no. of Quanta elapsed : 198 
In queue[14]: 88604 --> 
In queue[14]: 88604 --> 
 Current PCB is 88604  New PCB is 88604 B25
Current no. of Quanta elapsed : 199 
In queue[14]: 88804 --> 
In queue[14]: 88804 --> 
 Current PCB is 88604  New PCB is 88804 Current no. of Quanta elapsed : 200 
In queue[14]: 88804 --> 
In queue[14]: 88804 --> 
Before decayIn queue[14]: 88804 --> 
-------
After decayIn queue[14]: 88804 --> 
-------
 Current PCB is 88804  New PCB is 88804 A26
Current no. of Quanta elapsed : 201 
In queue[14]: 88604 --> 
In queue[14]: 88604 --> 
 Current PCB is 88804  New PCB is 88604 Current no. of Quanta elapsed : 202 
In queue[14]: 88604 --> 
In queue[14]: 88604 --> 
 Current PCB is 88604  New PCB is 88604 B26
Current no. of Quanta elapsed : 203 
In queue[13]: 88804 --> 
In queue[13]: 88804 --> 
 Current PCB is 88604  New PCB is 88804 Current no. of Quanta elapsed : 204 
In queue[13]: 88804 --> 
In queue[13]: 88804 --> 
 Current PCB is 88804  New PCB is 88804 A27
Current no. of Quanta elapsed : 205 
In queue[14]: 88604 --> 
In queue[14]: 88604 --> 
 Current PCB is 88804  New PCB is 88604 Current no. of Quanta elapsed : 206 
In queue[14]: 88604 --> 
In queue[14]: 88604 --> 
 Current PCB is 88604  New PCB is 88604 B27
Current no. of Quanta elapsed : 207 
In queue[13]: 88804 --> 
In queue[13]: 88804 --> 
 Current PCB is 88604  New PCB is 88804 Current no. of Quanta elapsed : 208 
In queue[13]: 88804 --> 
In queue[13]: 88804 --> 
 Current PCB is 88804  New PCB is 88804 A28
Current no. of Quanta elapsed : 209 
In queue[14]: 88604 --> 
In queue[14]: 88604 --> 
 Current PCB is 88804  New PCB is 88604 Current no. of Quanta elapsed : 210 
In queue[14]: 88604 --> 
In queue[14]: 88604 --> 
Before decayIn queue[14]: 88604 --> 
-------
After decayIn queue[14]: 88604 --> 
-------
 Current PCB is 88604  New PCB is 88604 B28
Current no. of Quanta elapsed : 211 
In queue[13]: 88804 --> 
In queue[13]: 88804 --> 
 Current PCB is 88604  New PCB is 88804 Current no. of Quanta elapsed : 212 
In queue[13]: 88804 --> 
In queue[13]: 88804 --> 
 Current PCB is 88804  New PCB is 88804 A29
Current no. of Quanta elapsed : 213 
In queue[14]: 88604 --> 
In queue[14]: 88604 --> 
 Current PCB is 88804  New PCB is 88604 Current no. of Quanta elapsed : 214 
In queue[14]: 88604 --> 
In queue[14]: 88604 --> 
 Current PCB is 88604  New PCB is 88604 B29
Current no. of Quanta elapsed : 215 
No runnable processes - exiting!
Exiting at program request.
Instructions executed: 22543351
Time simulated: 22.543 secs
Real time elapsed: 1.046 secs
Execution rate: 21.56M simulated instructions per real second.
